0 info it worked if it ends with ok
1 verbose cli [ '/usr/local/bin/node',
1 verbose cli   '/usr/local/bin/npm',
1 verbose cli   'install',
1 verbose cli   'webpack@1.2.x',
1 verbose cli   '--save-dev' ]
2 info using npm@2.15.8
3 info using node@v4.4.7
4 verbose install initial load of /Users/gladysmerymoradelgado/Desktop/ReactClock/package.json
5 warn package.json boilerplate@1.0.0 No repository field.
6 verbose installManyTop reading scoped package data from /Users/gladysmerymoradelgado/Desktop/ReactClock/node_modules/axios/package.json
7 verbose installManyTop reading scoped package data from /Users/gladysmerymoradelgado/Desktop/ReactClock/node_modules/babel-core/package.json
8 verbose installManyTop reading scoped package data from /Users/gladysmerymoradelgado/Desktop/ReactClock/node_modules/babel-loader/package.json
9 verbose installManyTop reading scoped package data from /Users/gladysmerymoradelgado/Desktop/ReactClock/node_modules/babel-preset-es2015/package.json
10 verbose installManyTop reading scoped package data from /Users/gladysmerymoradelgado/Desktop/ReactClock/node_modules/babel-preset-react/package.json
11 verbose installManyTop reading scoped package data from /Users/gladysmerymoradelgado/Desktop/ReactClock/node_modules/css-loader/package.json
12 verbose installManyTop reading scoped package data from /Users/gladysmerymoradelgado/Desktop/ReactClock/node_modules/expect/package.json
13 verbose installManyTop reading scoped package data from /Users/gladysmerymoradelgado/Desktop/ReactClock/node_modules/express/package.json
14 verbose installManyTop reading scoped package data from /Users/gladysmerymoradelgado/Desktop/ReactClock/node_modules/foundation-sites/package.json
15 verbose installManyTop reading scoped package data from /Users/gladysmerymoradelgado/Desktop/ReactClock/node_modules/jquery/package.json
16 verbose installManyTop reading scoped package data from /Users/gladysmerymoradelgado/Desktop/ReactClock/node_modules/karma/package.json
17 verbose installManyTop reading scoped package data from /Users/gladysmerymoradelgado/Desktop/ReactClock/node_modules/karma-chrome-launcher/package.json
18 verbose installManyTop reading scoped package data from /Users/gladysmerymoradelgado/Desktop/ReactClock/node_modules/karma-mocha/package.json
19 verbose installManyTop reading scoped package data from /Users/gladysmerymoradelgado/Desktop/ReactClock/node_modules/karma-mocha-reporter/package.json
20 verbose installManyTop reading scoped package data from /Users/gladysmerymoradelgado/Desktop/ReactClock/node_modules/karma-sourcemap-loader/package.json
21 verbose installManyTop reading scoped package data from /Users/gladysmerymoradelgado/Desktop/ReactClock/node_modules/karma-webpack/package.json
22 verbose installManyTop reading scoped package data from /Users/gladysmerymoradelgado/Desktop/ReactClock/node_modules/mocha/package.json
23 verbose installManyTop reading scoped package data from /Users/gladysmerymoradelgado/Desktop/ReactClock/node_modules/node-sass/package.json
24 verbose installManyTop reading scoped package data from /Users/gladysmerymoradelgado/Desktop/ReactClock/node_modules/pug/package.json
25 verbose installManyTop reading scoped package data from /Users/gladysmerymoradelgado/Desktop/ReactClock/node_modules/react/package.json
26 verbose installManyTop reading scoped package data from /Users/gladysmerymoradelgado/Desktop/ReactClock/node_modules/react-addons-test-utils/package.json
27 verbose installManyTop reading scoped package data from /Users/gladysmerymoradelgado/Desktop/ReactClock/node_modules/react-dom/package.json
28 verbose installManyTop reading scoped package data from /Users/gladysmerymoradelgado/Desktop/ReactClock/node_modules/react-router/package.json
29 verbose installManyTop reading scoped package data from /Users/gladysmerymoradelgado/Desktop/ReactClock/node_modules/sass-loader/package.json
30 verbose installManyTop reading scoped package data from /Users/gladysmerymoradelgado/Desktop/ReactClock/node_modules/script-loader/package.json
31 verbose installManyTop reading scoped package data from /Users/gladysmerymoradelgado/Desktop/ReactClock/node_modules/style-loader/package.json
32 verbose installManyTop reading scoped package data from /Users/gladysmerymoradelgado/Desktop/ReactClock/node_modules/webpack/package.json
33 info package.json script-loader@0.6.1 No license field.
34 verbose readDependencies loading dependencies from /Users/gladysmerymoradelgado/Desktop/ReactClock/package.json
35 silly cache add args [ 'webpack@1.2.x', null ]
36 verbose cache add spec webpack@1.2.x
37 silly cache add parsed spec Result {
37 silly cache add   raw: 'webpack@1.2.x',
37 silly cache add   scope: null,
37 silly cache add   name: 'webpack',
37 silly cache add   rawSpec: '1.2.x',
37 silly cache add   spec: '>=1.2.0 <1.3.0',
37 silly cache add   type: 'range' }
38 silly addNamed webpack@>=1.2.0 <1.3.0
39 verbose addNamed ">=1.2.0 <1.3.0" is a valid semver range for webpack
40 silly addNameRange { name: 'webpack', range: '>=1.2.0 <1.3.0', hasData: false }
41 silly mapToRegistry name webpack
42 silly mapToRegistry using default registry
43 silly mapToRegistry registry https://registry.npmjs.org/
44 silly mapToRegistry data Result {
44 silly mapToRegistry   raw: 'webpack',
44 silly mapToRegistry   scope: null,
44 silly mapToRegistry   name: 'webpack',
44 silly mapToRegistry   rawSpec: '',
44 silly mapToRegistry   spec: 'latest',
44 silly mapToRegistry   type: 'tag' }
45 silly mapToRegistry uri https://registry.npmjs.org/webpack
46 verbose addNameRange registry:https://registry.npmjs.org/webpack not in flight; fetching
47 verbose request uri https://registry.npmjs.org/webpack
48 verbose request no auth needed
49 info attempt registry request try #1 at 3:48:51 PM
50 verbose request id 53861ae1b33cbd47
51 verbose etag "7OZTSDJPPRFU1KJD1VK2Z1HZU"
52 http request GET https://registry.npmjs.org/webpack
53 http 304 https://registry.npmjs.org/webpack
54 verbose headers { date: 'Wed, 29 Jun 2016 20:48:54 GMT',
54 verbose headers   via: '1.1 varnish',
54 verbose headers   'cache-control': 'max-age=300',
54 verbose headers   etag: '"7OZTSDJPPRFU1KJD1VK2Z1HZU"',
54 verbose headers   age: '197',
54 verbose headers   connection: 'keep-alive',
54 verbose headers   'x-served-by': 'cache-iad2140-IAD',
54 verbose headers   'x-cache': 'HIT',
54 verbose headers   'x-cache-hits': '1',
54 verbose headers   'x-timer': 'S1467233334.665230,VS0,VE0',
54 verbose headers   vary: 'Accept-Encoding' }
55 silly get cb [ 304,
55 silly get   { date: 'Wed, 29 Jun 2016 20:48:54 GMT',
55 silly get     via: '1.1 varnish',
55 silly get     'cache-control': 'max-age=300',
55 silly get     etag: '"7OZTSDJPPRFU1KJD1VK2Z1HZU"',
55 silly get     age: '197',
55 silly get     connection: 'keep-alive',
55 silly get     'x-served-by': 'cache-iad2140-IAD',
55 silly get     'x-cache': 'HIT',
55 silly get     'x-cache-hits': '1',
55 silly get     'x-timer': 'S1467233334.665230,VS0,VE0',
55 silly get     vary: 'Accept-Encoding' } ]
56 verbose etag https://registry.npmjs.org/webpack from cache
57 verbose get saving webpack to /Users/gladysmerymoradelgado/.npm/registry.npmjs.org/webpack/.cache.json
58 verbose correctMkdir /Users/gladysmerymoradelgado/.npm correctMkdir not in flight; initializing
59 silly addNameRange number 2 { name: 'webpack', range: '>=1.2.0 <1.3.0', hasData: true }
60 silly addNameRange versions [ 'webpack',
60 silly addNameRange   [ '0.1.0',
60 silly addNameRange     '0.1.1',
60 silly addNameRange     '0.1.2',
60 silly addNameRange     '0.1.3',
60 silly addNameRange     '0.1.4',
60 silly addNameRange     '0.1.5',
60 silly addNameRange     '0.1.6',
60 silly addNameRange     '0.2.0',
60 silly addNameRange     '0.2.1',
60 silly addNameRange     '0.2.2',
60 silly addNameRange     '0.2.3',
60 silly addNameRange     '0.2.4',
60 silly addNameRange     '0.2.6',
60 silly addNameRange     '0.2.7',
60 silly addNameRange     '0.2.8',
60 silly addNameRange     '0.3.0',
60 silly addNameRange     '0.3.1',
60 silly addNameRange     '0.3.2',
60 silly addNameRange     '0.3.3',
60 silly addNameRange     '0.3.4',
60 silly addNameRange     '0.3.6',
60 silly addNameRange     '0.3.7',
60 silly addNameRange     '0.3.8',
60 silly addNameRange     '0.3.9',
60 silly addNameRange     '0.3.10',
60 silly addNameRange     '0.3.11',
60 silly addNameRange     '0.3.12',
60 silly addNameRange     '0.3.13',
60 silly addNameRange     '0.3.14',
60 silly addNameRange     '0.3.15',
60 silly addNameRange     '0.3.16',
60 silly addNameRange     '0.3.17',
60 silly addNameRange     '0.3.18',
60 silly addNameRange     '0.3.19',
60 silly addNameRange     '0.3.20',
60 silly addNameRange     '0.4.0',
60 silly addNameRange     '0.4.1',
60 silly addNameRange     '0.4.2',
60 silly addNameRange     '0.4.3',
60 silly addNameRange     '0.4.4',
60 silly addNameRange     '0.4.5',
60 silly addNameRange     '0.4.6',
60 silly addNameRange     '0.4.7',
60 silly addNameRange     '0.4.8',
60 silly addNameRange     '0.4.9',
60 silly addNameRange     '0.4.10',
60 silly addNameRange     '0.4.11',
60 silly addNameRange     '0.4.12',
60 silly addNameRange     '0.4.13',
60 silly addNameRange     '0.4.14',
60 silly addNameRange     '0.4.15',
60 silly addNameRange     '0.4.16',
60 silly addNameRange     '0.4.17',
60 silly addNameRange     '0.4.18',
60 silly addNameRange     '0.4.19',
60 silly addNameRange     '0.4.20',
60 silly addNameRange     '0.4.21',
60 silly addNameRange     '0.4.23',
60 silly addNameRange     '0.4.24',
60 silly addNameRange     '0.4.25',
60 silly addNameRange     '0.5.0',
60 silly addNameRange     '0.5.1',
60 silly addNameRange     '0.5.2',
60 silly addNameRange     '0.5.3',
60 silly addNameRange     '0.5.4',
60 silly addNameRange     '0.5.5',
60 silly addNameRange     '0.5.6',
60 silly addNameRange     '0.5.7',
60 silly addNameRange     '0.5.8',
60 silly addNameRange     '0.5.10',
60 silly addNameRange     '0.6.0',
60 silly addNameRange     '0.6.1',
60 silly addNameRange     '0.6.2',
60 silly addNameRange     '0.7.0-beta',
60 silly addNameRange     '0.7.0-beta2',
60 silly addNameRange     '0.7.0-beta3',
60 silly addNameRange     '0.7.0-beta4',
60 silly addNameRange     '0.7.0-beta5',
60 silly addNameRange     '0.7.0-beta6',
60 silly addNameRange     '0.7.0-beta7',
60 silly addNameRange     '0.7.0-beta8',
60 silly addNameRange     '0.7.0',
60 silly addNameRange     '0.7.1',
60 silly addNameRange     '0.7.2',
60 silly addNameRange     '0.7.3',
60 silly addNameRange     '0.7.4',
60 silly addNameRange     '0.7.5',
60 silly addNameRange     '0.7.6',
60 silly addNameRange     '0.7.7',
60 silly addNameRange     '0.7.8',
60 silly addNameRange     '0.7.9',
60 silly addNameRange     '0.7.11',
60 silly addNameRange     '0.7.12',
60 silly addNameRange     '0.7.13',
60 silly addNameRange     '0.7.14',
60 silly addNameRange     '0.7.15',
60 silly addNameRange     '0.7.16',
60 silly addNameRange     '0.7.17',
60 silly addNameRange     '0.8.0-beta1',
60 silly addNameRange     '0.8.0-beta2',
60 silly addNameRange     '0.8.0-beta3',
60 silly addNameRange     '0.8.0-beta4',
60 silly addNameRange     '0.8.0',
60 silly addNameRange     '0.8.2',
60 silly addNameRange     '0.8.3',
60 silly addNameRange     '0.9.0-beta1',
60 silly addNameRange     '0.9.0-beta2',
60 silly addNameRange     '0.9.0-beta4',
60 silly addNameRange     '0.9.0-beta5',
60 silly addNameRange     '0.9.0-beta6',
60 silly addNameRange     '0.9.0-beta7',
60 silly addNameRange     '0.9.0-beta8',
60 silly addNameRange     '0.9.0-beta9',
60 silly addNameRange     '0.9.0-beta10',
60 silly addNameRange     '0.9.0-beta11',
60 silly addNameRange     '0.9.0-beta12',
60 silly addNameRange     '0.9.0-beta13',
60 silly addNameRange     '0.9.0-beta14',
60 silly addNameRange     '0.9.0-beta15',
60 silly addNameRange     '0.9.0-beta16',
60 silly addNameRange     '0.9.0-beta17',
60 silly addNameRange     '0.9.0-beta18',
60 silly addNameRange     '0.9.0-beta19',
60 silly addNameRange     '0.9.0-beta20',
60 silly addNameRange     '0.9.0-beta21',
60 silly addNameRange     '0.9.0-beta22',
60 silly addNameRange     '0.9.0-beta23',
60 silly addNameRange     '0.9.0-beta24',
60 silly addNameRange     '0.9.0-beta25',
60 silly addNameRange     '0.9.0-beta26',
60 silly addNameRange     '0.9.0-beta27',
60 silly addNameRange     '0.9.0-beta28',
60 silly addNameRange     '0.9.0-beta29',
60 silly addNameRange     '0.9.0-beta30',
60 silly addNameRange     '0.9.0-beta31',
60 silly addNameRange     '0.9.0-beta32',
60 silly addNameRange     '0.9.0-beta33',
60 silly addNameRange     '0.9.0-beta34',
60 silly addNameRange     '0.9.0-beta35',
60 silly addNameRange     '0.9.0-beta36',
60 silly addNameRange     '0.9.0-beta37',
60 silly addNameRange     '0.9.0-beta38',
60 silly addNameRange     '0.9.0',
60 silly addNameRange     '0.9.1',
60 silly addNameRange     '0.9.2',
60 silly addNameRange     '0.9.3',
60 silly addNameRange     '0.10.0-beta2',
60 silly addNameRange     '0.10.0-beta3',
60 silly addNameRange     '0.10.0-beta5',
60 silly addNameRange     '0.10.0-beta6',
60 silly addNameRange     '0.10.0-beta7',
60 silly addNameRange     '0.10.0-beta8',
60 silly addNameRange     '0.10.0-beta9',
60 silly addNameRange     '0.10.0-beta10',
60 silly addNameRange     '0.10.0-beta11',
60 silly addNameRange     '0.10.0-beta12',
60 silly addNameRange     '0.10.0-beta13',
60 silly addNameRange     '0.10.0-beta14',
60 silly addNameRange     '0.10.0-beta15',
60 silly addNameRange     '0.10.0-beta16',
60 silly addNameRange     '0.10.0-beta17',
60 silly addNameRange     '0.10.0-beta18',
60 silly addNameRange     '0.10.0-beta19',
60 silly addNameRange     '0.10.0-beta20',
60 silly addNameRange     '0.10.0-beta21',
60 silly addNameRange     '0.10.0-beta22',
60 silly addNameRange     '0.10.0-beta23',
60 silly addNameRange     '0.10.0-beta24',
60 silly addNameRange     '0.10.0-beta25',
60 silly addNameRange     '0.10.0',
60 silly addNameRange     '0.11.0-beta1',
60 silly addNameRange     '0.11.0-beta2',
60 silly addNameRange     '0.11.0-beta3',
60 silly addNameRange     '0.11.0-beta4',
60 silly addNameRange     '0.11.0-beta5',
60 silly addNameRange     '0.11.0-beta6',
60 silly addNameRange     '0.11.0-beta7',
60 silly addNameRange     '0.11.0-beta8',
60 silly addNameRange     '0.11.0-beta9',
60 silly addNameRange     '0.11.0-beta10',
60 silly addNameRange     '0.11.0-beta11',
60 silly addNameRange     '0.11.0-beta12',
60 silly addNameRange     '0.11.0-beta13',
60 silly addNameRange     '0.11.0-beta14',
60 silly addNameRange     '0.11.0-beta15',
60 silly addNameRange     '0.11.0-beta16',
60 silly addNameRange     '0.11.0-beta17',
60 silly addNameRange     '0.11.0-beta18',
60 silly addNameRange     '0.11.0-beta19',
60 silly addNameRange     '0.11.0-beta20',
60 silly addNameRange     '0.11.0-beta21',
60 silly addNameRange     '0.11.0-beta22',
60 silly addNameRange     '0.11.0-beta23',
60 silly addNameRange     '0.11.0-beta24',
60 silly addNameRange     '0.11.0-beta25',
60 silly addNameRange     '0.11.0-beta26',
60 silly addNameRange     '0.11.0-beta27',
60 silly addNameRange     '0.11.0-beta28',
60 silly addNameRange     '0.11.0-beta29',
60 silly addNameRange     '0.11.0',
60 silly addNameRange     '0.11.1',
60 silly addNameRange     '0.11.2',
60 silly addNameRange     '0.11.3',
60 silly addNameRange     '0.11.4',
60 silly addNameRange     '0.11.5',
60 silly addNameRange     '0.11.6',
60 silly addNameRange     '0.11.7',
60 silly addNameRange     '0.11.8',
60 silly addNameRange     '0.11.9',
60 silly addNameRange     '0.11.10',
60 silly addNameRange     '0.11.11',
60 silly addNameRange     '0.11.12',
60 silly addNameRange     '0.11.13',
60 silly addNameRange     '0.11.14',
60 silly addNameRange     '0.11.15',
60 silly addNameRange     '1.0.0-beta1',
60 silly addNameRange     '1.0.0-beta2',
60 silly addNameRange     '1.0.0-beta3',
60 silly addNameRange     '1.0.0-beta4',
60 silly addNameRange     '0.11.16',
60 silly addNameRange     '0.11.17',
60 silly addNameRange     '0.11.18',
60 silly addNameRange     '1.0.0-beta5',
60 silly addNameRange     '1.0.0-beta6',
60 silly addNameRange     '1.0.0-beta7',
60 silly addNameRange     '1.0.0-beta8',
60 silly addNameRange     '1.0.0-beta9',
60 silly addNameRange     '1.0.0-rc1',
60 silly addNameRange     '1.0.0-rc2',
60 silly addNameRange     '1.0.0-rc3',
60 silly addNameRange     '1.0.0-rc4',
60 silly addNameRange     '1.0.0-rc5',
60 silly addNameRange     '1.0.0-rc7',
60 silly addNameRange     '1.0.0-rc8',
60 silly addNameRange     '1.0.0-rc9',
60 silly addNameRange     '1.0.0-rc11',
60 silly addNameRange     '1.0.0-rc12',
60 silly addNameRange     '1.0.0',
60 silly addNameRange     '1.0.1',
60 silly addNameRange     '1.0.3',
60 silly addNameRange     '1.0.4',
60 silly addNameRange     '1.0.5',
60 silly addNameRange     '1.1.0-beta1',
60 silly addNameRange     '1.1.0-beta2',
60 silly addNameRange     '1.1.0-beta3',
60 silly addNameRange     '1.1.0-beta4',
60 silly addNameRange     '1.1.0-beta5',
60 silly addNameRange     '1.1.0-beta6',
60 silly addNameRange     '1.1.0-beta7',
60 silly addNameRange     '1.1.0-beta8',
60 silly addNameRange     '1.1.0-beta9',
60 silly addNameRange     '1.1.0-beta10',
60 silly addNameRange     '1.1.0-beta12',
60 silly addNameRange     '1.1.0',
60 silly addNameRange     '1.1.1',
60 silly addNameRange     '1.1.2',
60 silly addNameRange     '1.1.3',
60 silly addNameRange     '1.1.4',
60 silly addNameRange     '1.1.5',
60 silly addNameRange     '1.1.6',
60 silly addNameRange     '1.1.7',
60 silly addNameRange     '1.1.8',
60 silly addNameRange     '1.1.9',
60 silly addNameRange     '1.1.10',
60 silly addNameRange     '1.1.11',
60 silly addNameRange     '1.2.0-beta1',
60 silly addNameRange     '1.2.0-beta2',
60 silly addNameRange     '1.2.0-beta4',
60 silly addNameRange     '1.2.0-beta5',
60 silly addNameRange     '1.2.0-beta6',
60 silly addNameRange     '1.3.0-beta1',
60 silly addNameRange     '1.3.0-beta2',
60 silly addNameRange     '1.3.0-beta3',
60 silly addNameRange     '1.3.0-beta4',
60 silly addNameRange     '1.3.0-beta5',
60 silly addNameRange     '1.3.0-beta6',
60 silly addNameRange     '1.3.0-beta7',
60 silly addNameRange     '1.3.0-beta8',
60 silly addNameRange     '1.3.0-beta9',
60 silly addNameRange     '1.3.1-beta1',
60 silly addNameRange     '1.3.1-beta2',
60 silly addNameRange     '1.3.1-beta3',
60 silly addNameRange     '1.3.1-beta4',
60 silly addNameRange     '1.3.1-beta5',
60 silly addNameRange     '1.3.1-beta6',
60 silly addNameRange     '1.3.1-beta7',
60 silly addNameRange     '1.3.1-beta8',
60 silly addNameRange     '1.3.1-beta9',
60 silly addNameRange     '1.3.2-beta1',
60 silly addNameRange     '1.3.2-beta2',
60 silly addNameRange     '1.3.2-beta3',
60 silly addNameRange     '1.3.2-beta4',
60 silly addNameRange     '1.3.2-beta5',
60 silly addNameRange     '1.3.2-beta6',
60 silly addNameRange     '1.3.2-beta7',
60 silly addNameRange     '1.3.2-beta8',
60 silly addNameRange     '1.3.2-beta9',
60 silly addNameRange     '1.3.3-beta1',
60 silly addNameRange     '1.3.3-beta2',
60 silly addNameRange     '1.3.4',
60 silly addNameRange     '1.3.5',
60 silly addNameRange     '1.3.6',
60 silly addNameRange     '1.3.7',
60 silly addNameRange     '1.4.0-beta1',
60 silly addNameRange     '1.4.0-beta2',
60 silly addNameRange     '1.4.0-beta3',
60 silly addNameRange     '1.4.0-beta4',
60 silly addNameRange     '1.4.0-beta5',
60 silly addNameRange     '1.4.0-beta6',
60 silly addNameRange     '1.4.0-beta7',
60 silly addNameRange     '1.4.0-beta8',
60 silly addNameRange     '1.4.0-beta9',
60 silly addNameRange     '1.4.0-beta10',
60 silly addNameRange     '1.4.1-beta1',
60 silly addNameRange     '1.4.2',
60 silly addNameRange     '1.4.3',
60 silly addNameRange     '1.4.4',
60 silly addNameRange     '1.4.5',
60 silly addNameRange     '1.4.6',
60 silly addNameRange     '1.4.7',
60 silly addNameRange     '1.4.8',
60 silly addNameRange     '1.4.9',
60 silly addNameRange     '1.4.10',
60 silly addNameRange     '1.4.11',
60 silly addNameRange     '1.4.12',
60 silly addNameRange     '1.4.13',
60 silly addNameRange     '1.4.14',
60 silly addNameRange     '1.4.15',
60 silly addNameRange     '1.5.0',
60 silly addNameRange     '1.5.1',
60 silly addNameRange     '1.5.2',
60 silly addNameRange     '1.5.3',
60 silly addNameRange     '1.6.0',
60 silly addNameRange     '1.7.0',
60 silly addNameRange     '1.7.1',
60 silly addNameRange     '1.7.2',
60 silly addNameRange     '1.7.3',
60 silly addNameRange     '1.8.0',
60 silly addNameRange     '1.8.1',
60 silly addNameRange     '1.8.2',
60 silly addNameRange     '1.8.3',
60 silly addNameRange     '1.8.4',
60 silly addNameRange     '1.8.5',
60 silly addNameRange     '1.8.6',
60 silly addNameRange     '1.8.7',
60 silly addNameRange     '1.8.8',
60 silly addNameRange     '1.8.9',
60 silly addNameRange     '1.8.10',
60 silly addNameRange     '1.8.11',
60 silly addNameRange     '1.9.0',
60 silly addNameRange     '1.9.1',
60 silly addNameRange     '1.9.2',
60 silly addNameRange     '1.9.3',
60 silly addNameRange     '1.9.4',
60 silly addNameRange     '1.9.5',
60 silly addNameRange     '1.9.6',
60 silly addNameRange     '1.9.7',
60 silly addNameRange     '1.9.8',
60 silly addNameRange     '1.9.9',
60 silly addNameRange     '1.9.10',
60 silly addNameRange     '1.9.11',
60 silly addNameRange     '1.9.12',
60 silly addNameRange     '1.9.13',
60 silly addNameRange     '1.10.0',
60 silly addNameRange     '1.10.1',
60 silly addNameRange     '1.10.2',
60 silly addNameRange     '1.10.3',
60 silly addNameRange     '1.10.4',
60 silly addNameRange     '1.10.5',
60 silly addNameRange     '1.11.0',
60 silly addNameRange     '1.12.0',
60 silly addNameRange     '1.12.1',
60 silly addNameRange     '1.12.2',
60 silly addNameRange     '2.0.0-beta',
60 silly addNameRange     '1.12.3',
60 silly addNameRange     '1.12.4',
60 silly addNameRange     '1.12.5',
60 silly addNameRange     '1.12.6',
60 silly addNameRange     '1.12.7',
60 silly addNameRange     '1.12.8',
60 silly addNameRange     '1.12.9',
60 silly addNameRange     '2.0.1-beta',
60 silly addNameRange     '2.0.2-beta',
60 silly addNameRange     '1.12.10',
60 silly addNameRange     '1.12.11',
60 silly addNameRange     '2.0.4-beta',
60 silly addNameRange     '1.12.12',
60 silly addNameRange     '2.0.5-beta',
60 silly addNameRange     '2.0.6-beta',
60 silly addNameRange     '2.0.7-beta',
60 silly addNameRange     '1.12.13',
60 silly addNameRange     '2.1.0-beta.0',
60 silly addNameRange     '2.1.0-beta.1',
60 silly addNameRange     '2.1.0-beta.2',
60 silly addNameRange     '1.12.14',
60 silly addNameRange     '2.1.0-beta.3',
60 silly addNameRange     '2.1.0-beta.4',
60 silly addNameRange     '2.1.0-beta.5',
60 silly addNameRange     '1.12.15',
60 silly addNameRange     '1.13.0',
60 silly addNameRange     '2.1.0-beta.6',
60 silly addNameRange     '2.1.0-beta.7',
60 silly addNameRange     '1.13.1',
60 silly addNameRange     '2.1.0-beta.8',
60 silly addNameRange     '2.1.0-beta.9',
60 silly addNameRange     '2.1.0-beta.10',
60 silly addNameRange     '2.1.0-beta.11',
60 silly addNameRange     '2.1.0-beta.12',
60 silly addNameRange     '2.1.0-beta.13',
60 silly addNameRange     '2.1.0-beta.14',
60 silly addNameRange     '2.1.0-beta.15' ] ]
61 verbose stack Error: No compatible version found: webpack@'>=1.2.0 <1.3.0'
61 verbose stack Valid install targets:
61 verbose stack ["0.1.0","0.1.1","0.1.2","0.1.3","0.1.4","0.1.5","0.1.6","0.2.0","0.2.1","0.2.2","0.2.3","0.2.4","0.2.6","0.2.7","0.2.8","0.3.0","0.3.1","0.3.2","0.3.3","0.3.4","0.3.6","0.3.7","0.3.8","0.3.9","0.3.10","0.3.11","0.3.12","0.3.13","0.3.14","0.3.15","0.3.16","0.3.17","0.3.18","0.3.19","0.3.20","0.4.0","0.4.1","0.4.2","0.4.3","0.4.4","0.4.5","0.4.6","0.4.7","0.4.8","0.4.9","0.4.10","0.4.11","0.4.12","0.4.13","0.4.14","0.4.15","0.4.16","0.4.17","0.4.18","0.4.19","0.4.20","0.4.21","0.4.23","0.4.24","0.4.25","0.5.0","0.5.1","0.5.2","0.5.3","0.5.4","0.5.5","0.5.6","0.5.7","0.5.8","0.5.10","0.6.0","0.6.1","0.6.2","0.7.0-beta","0.7.0-beta2","0.7.0-beta3","0.7.0-beta4","0.7.0-beta5","0.7.0-beta6","0.7.0-beta7","0.7.0-beta8","0.7.0","0.7.1","0.7.2","0.7.3","0.7.4","0.7.5","0.7.6","0.7.7","0.7.8","0.7.9","0.7.11","0.7.12","0.7.13","0.7.14","0.7.15","0.7.16","0.7.17","0.8.0-beta1","0.8.0-beta2","0.8.0-beta3","0.8.0-beta4","0.8.0","0.8.2","0.8.3","0.9.0-beta1","0.9.0-beta2","0.9.0-beta4","0.9.0-beta5","0.9.0-beta6","0.9.0-beta7","0.9.0-beta8","0.9.0-beta9","0.9.0-beta10","0.9.0-beta11","0.9.0-beta12","0.9.0-beta13","0.9.0-beta14","0.9.0-beta15","0.9.0-beta16","0.9.0-beta17","0.9.0-beta18","0.9.0-beta19","0.9.0-beta20","0.9.0-beta21","0.9.0-beta22","0.9.0-beta23","0.9.0-beta24","0.9.0-beta25","0.9.0-beta26","0.9.0-beta27","0.9.0-beta28","0.9.0-beta29","0.9.0-beta30","0.9.0-beta31","0.9.0-beta32","0.9.0-beta33","0.9.0-beta34","0.9.0-beta35","0.9.0-beta36","0.9.0-beta37","0.9.0-beta38","0.9.0","0.9.1","0.9.2","0.9.3","0.10.0-beta2","0.10.0-beta3","0.10.0-beta5","0.10.0-beta6","0.10.0-beta7","0.10.0-beta8","0.10.0-beta9","0.10.0-beta10","0.10.0-beta11","0.10.0-beta12","0.10.0-beta13","0.10.0-beta14","0.10.0-beta15","0.10.0-beta16","0.10.0-beta17","0.10.0-beta18","0.10.0-beta19","0.10.0-beta20","0.10.0-beta21","0.10.0-beta22","0.10.0-beta23","0.10.0-beta24","0.10.0-beta25","0.10.0","0.11.0-beta1","0.11.0-beta2","0.11.0-beta3","0.11.0-beta4","0.11.0-beta5","0.11.0-beta6","0.11.0-beta7","0.11.0-beta8","0.11.0-beta9","0.11.0-beta10","0.11.0-beta11","0.11.0-beta12","0.11.0-beta13","0.11.0-beta14","0.11.0-beta15","0.11.0-beta16","0.11.0-beta17","0.11.0-beta18","0.11.0-beta19","0.11.0-beta20","0.11.0-beta21","0.11.0-beta22","0.11.0-beta23","0.11.0-beta24","0.11.0-beta25","0.11.0-beta26","0.11.0-beta27","0.11.0-beta28","0.11.0-beta29","0.11.0","0.11.1","0.11.2","0.11.3","0.11.4","0.11.5","0.11.6","0.11.7","0.11.8","0.11.9","0.11.10","0.11.11","0.11.12","0.11.13","0.11.14","0.11.15","1.0.0-beta1","1.0.0-beta2","1.0.0-beta3","1.0.0-beta4","0.11.16","0.11.17","0.11.18","1.0.0-beta5","1.0.0-beta6","1.0.0-beta7","1.0.0-beta8","1.0.0-beta9","1.0.0-rc1","1.0.0-rc2","1.0.0-rc3","1.0.0-rc4","1.0.0-rc5","1.0.0-rc7","1.0.0-rc8","1.0.0-rc9","1.0.0-rc11","1.0.0-rc12","1.0.0","1.0.1","1.0.3","1.0.4","1.0.5","1.1.0-beta1","1.1.0-beta2","1.1.0-beta3","1.1.0-beta4","1.1.0-beta5","1.1.0-beta6","1.1.0-beta7","1.1.0-beta8","1.1.0-beta9","1.1.0-beta10","1.1.0-beta12","1.1.0","1.1.1","1.1.2","1.1.3","1.1.4","1.1.5","1.1.6","1.1.7","1.1.8","1.1.9","1.1.10","1.1.11","1.2.0-beta1","1.2.0-beta2","1.2.0-beta4","1.2.0-beta5","1.2.0-beta6","1.3.0-beta1","1.3.0-beta2","1.3.0-beta3","1.3.0-beta4","1.3.0-beta5","1.3.0-beta6","1.3.0-beta7","1.3.0-beta8","1.3.0-beta9","1.3.1-beta1","1.3.1-beta2","1.3.1-beta3","1.3.1-beta4","1.3.1-beta5","1.3.1-beta6","1.3.1-beta7","1.3.1-beta8","1.3.1-beta9","1.3.2-beta1","1.3.2-beta2","1.3.2-beta3","1.3.2-beta4","1.3.2-beta5","1.3.2-beta6","1.3.2-beta7","1.3.2-beta8","1.3.2-beta9","1.3.3-beta1","1.3.3-beta2","1.3.4","1.3.5","1.3.6","1.3.7","1.4.0-beta1","1.4.0-beta2","1.4.0-beta3","1.4.0-beta4","1.4.0-beta5","1.4.0-beta6","1.4.0-beta7","1.4.0-beta8","1.4.0-beta9","1.4.0-beta10","1.4.1-beta1","1.4.2","1.4.3","1.4.4","1.4.5","1.4.6","1.4.7","1.4.8","1.4.9","1.4.10","1.4.11","1.4.12","1.4.13","1.4.14","1.4.15","1.5.0","1.5.1","1.5.2","1.5.3","1.6.0","1.7.0","1.7.1","1.7.2","1.7.3","1.8.0","1.8.1","1.8.2","1.8.3","1.8.4","1.8.5","1.8.6","1.8.7","1.8.8","1.8.9","1.8.10","1.8.11","1.9.0","1.9.1","1.9.2","1.9.3","1.9.4","1.9.5","1.9.6","1.9.7","1.9.8","1.9.9","1.9.10","1.9.11","1.9.12","1.9.13","1.10.0","1.10.1","1.10.2","1.10.3","1.10.4","1.10.5","1.11.0","1.12.0","1.12.1","1.12.2","2.0.0-beta","1.12.3","1.12.4","1.12.5","1.12.6","1.12.7","1.12.8","1.12.9","2.0.1-beta","2.0.2-beta","1.12.10","1.12.11","2.0.4-beta","1.12.12","2.0.5-beta","2.0.6-beta","2.0.7-beta","1.12.13","2.1.0-beta.0","2.1.0-beta.1","2.1.0-beta.2","1.12.14","2.1.0-beta.3","2.1.0-beta.4","2.1.0-beta.5","1.12.15","1.13.0","2.1.0-beta.6","2.1.0-beta.7","1.13.1","2.1.0-beta.8","2.1.0-beta.9","2.1.0-beta.10","2.1.0-beta.11","2.1.0-beta.12","2.1.0-beta.13","2.1.0-beta.14","2.1.0-beta.15"]
61 verbose stack
61 verbose stack     at installTargetsError (/usr/local/lib/node_modules/npm/lib/cache/add-named.js:284:12)
61 verbose stack     at next (/usr/local/lib/node_modules/npm/lib/cache/add-named.js:262:19)
61 verbose stack     at setData (/usr/local/lib/node_modules/npm/lib/cache/add-named.js:236:5)
61 verbose stack     at RES (/usr/local/lib/node_modules/npm/node_modules/inflight/inflight.js:23:14)
61 verbose stack     at f (/usr/local/lib/node_modules/npm/node_modules/once/once.js:17:25)
61 verbose stack     at fixName (/usr/local/lib/node_modules/npm/lib/cache/add-named.js:29:5)
61 verbose stack     at saved (/usr/local/lib/node_modules/npm/lib/cache/caching-client.js:173:7)
61 verbose stack     at /usr/local/lib/node_modules/npm/node_modules/graceful-fs/polyfills.js:210:7
61 verbose stack     at FSReqWrap.oncomplete (fs.js:82:15)
62 verbose cwd /Users/gladysmerymoradelgado/Desktop/ReactClock
63 error Darwin 15.3.0
64 error argv "/usr/local/bin/node" "/usr/local/bin/npm" "install" "webpack@1.2.x" "--save-dev"
65 error node v4.4.7
66 error npm  v2.15.8
67 error code ETARGET
68 error notarget No compatible version found: webpack@'>=1.2.0 <1.3.0'
68 error notarget Valid install targets:
68 error notarget ["0.1.0","0.1.1","0.1.2","0.1.3","0.1.4","0.1.5","0.1.6","0.2.0","0.2.1","0.2.2","0.2.3","0.2.4","0.2.6","0.2.7","0.2.8","0.3.0","0.3.1","0.3.2","0.3.3","0.3.4","0.3.6","0.3.7","0.3.8","0.3.9","0.3.10","0.3.11","0.3.12","0.3.13","0.3.14","0.3.15","0.3.16","0.3.17","0.3.18","0.3.19","0.3.20","0.4.0","0.4.1","0.4.2","0.4.3","0.4.4","0.4.5","0.4.6","0.4.7","0.4.8","0.4.9","0.4.10","0.4.11","0.4.12","0.4.13","0.4.14","0.4.15","0.4.16","0.4.17","0.4.18","0.4.19","0.4.20","0.4.21","0.4.23","0.4.24","0.4.25","0.5.0","0.5.1","0.5.2","0.5.3","0.5.4","0.5.5","0.5.6","0.5.7","0.5.8","0.5.10","0.6.0","0.6.1","0.6.2","0.7.0-beta","0.7.0-beta2","0.7.0-beta3","0.7.0-beta4","0.7.0-beta5","0.7.0-beta6","0.7.0-beta7","0.7.0-beta8","0.7.0","0.7.1","0.7.2","0.7.3","0.7.4","0.7.5","0.7.6","0.7.7","0.7.8","0.7.9","0.7.11","0.7.12","0.7.13","0.7.14","0.7.15","0.7.16","0.7.17","0.8.0-beta1","0.8.0-beta2","0.8.0-beta3","0.8.0-beta4","0.8.0","0.8.2","0.8.3","0.9.0-beta1","0.9.0-beta2","0.9.0-beta4","0.9.0-beta5","0.9.0-beta6","0.9.0-beta7","0.9.0-beta8","0.9.0-beta9","0.9.0-beta10","0.9.0-beta11","0.9.0-beta12","0.9.0-beta13","0.9.0-beta14","0.9.0-beta15","0.9.0-beta16","0.9.0-beta17","0.9.0-beta18","0.9.0-beta19","0.9.0-beta20","0.9.0-beta21","0.9.0-beta22","0.9.0-beta23","0.9.0-beta24","0.9.0-beta25","0.9.0-beta26","0.9.0-beta27","0.9.0-beta28","0.9.0-beta29","0.9.0-beta30","0.9.0-beta31","0.9.0-beta32","0.9.0-beta33","0.9.0-beta34","0.9.0-beta35","0.9.0-beta36","0.9.0-beta37","0.9.0-beta38","0.9.0","0.9.1","0.9.2","0.9.3","0.10.0-beta2","0.10.0-beta3","0.10.0-beta5","0.10.0-beta6","0.10.0-beta7","0.10.0-beta8","0.10.0-beta9","0.10.0-beta10","0.10.0-beta11","0.10.0-beta12","0.10.0-beta13","0.10.0-beta14","0.10.0-beta15","0.10.0-beta16","0.10.0-beta17","0.10.0-beta18","0.10.0-beta19","0.10.0-beta20","0.10.0-beta21","0.10.0-beta22","0.10.0-beta23","0.10.0-beta24","0.10.0-beta25","0.10.0","0.11.0-beta1","0.11.0-beta2","0.11.0-beta3","0.11.0-beta4","0.11.0-beta5","0.11.0-beta6","0.11.0-beta7","0.11.0-beta8","0.11.0-beta9","0.11.0-beta10","0.11.0-beta11","0.11.0-beta12","0.11.0-beta13","0.11.0-beta14","0.11.0-beta15","0.11.0-beta16","0.11.0-beta17","0.11.0-beta18","0.11.0-beta19","0.11.0-beta20","0.11.0-beta21","0.11.0-beta22","0.11.0-beta23","0.11.0-beta24","0.11.0-beta25","0.11.0-beta26","0.11.0-beta27","0.11.0-beta28","0.11.0-beta29","0.11.0","0.11.1","0.11.2","0.11.3","0.11.4","0.11.5","0.11.6","0.11.7","0.11.8","0.11.9","0.11.10","0.11.11","0.11.12","0.11.13","0.11.14","0.11.15","1.0.0-beta1","1.0.0-beta2","1.0.0-beta3","1.0.0-beta4","0.11.16","0.11.17","0.11.18","1.0.0-beta5","1.0.0-beta6","1.0.0-beta7","1.0.0-beta8","1.0.0-beta9","1.0.0-rc1","1.0.0-rc2","1.0.0-rc3","1.0.0-rc4","1.0.0-rc5","1.0.0-rc7","1.0.0-rc8","1.0.0-rc9","1.0.0-rc11","1.0.0-rc12","1.0.0","1.0.1","1.0.3","1.0.4","1.0.5","1.1.0-beta1","1.1.0-beta2","1.1.0-beta3","1.1.0-beta4","1.1.0-beta5","1.1.0-beta6","1.1.0-beta7","1.1.0-beta8","1.1.0-beta9","1.1.0-beta10","1.1.0-beta12","1.1.0","1.1.1","1.1.2","1.1.3","1.1.4","1.1.5","1.1.6","1.1.7","1.1.8","1.1.9","1.1.10","1.1.11","1.2.0-beta1","1.2.0-beta2","1.2.0-beta4","1.2.0-beta5","1.2.0-beta6","1.3.0-beta1","1.3.0-beta2","1.3.0-beta3","1.3.0-beta4","1.3.0-beta5","1.3.0-beta6","1.3.0-beta7","1.3.0-beta8","1.3.0-beta9","1.3.1-beta1","1.3.1-beta2","1.3.1-beta3","1.3.1-beta4","1.3.1-beta5","1.3.1-beta6","1.3.1-beta7","1.3.1-beta8","1.3.1-beta9","1.3.2-beta1","1.3.2-beta2","1.3.2-beta3","1.3.2-beta4","1.3.2-beta5","1.3.2-beta6","1.3.2-beta7","1.3.2-beta8","1.3.2-beta9","1.3.3-beta1","1.3.3-beta2","1.3.4","1.3.5","1.3.6","1.3.7","1.4.0-beta1","1.4.0-beta2","1.4.0-beta3","1.4.0-beta4","1.4.0-beta5","1.4.0-beta6","1.4.0-beta7","1.4.0-beta8","1.4.0-beta9","1.4.0-beta10","1.4.1-beta1","1.4.2","1.4.3","1.4.4","1.4.5","1.4.6","1.4.7","1.4.8","1.4.9","1.4.10","1.4.11","1.4.12","1.4.13","1.4.14","1.4.15","1.5.0","1.5.1","1.5.2","1.5.3","1.6.0","1.7.0","1.7.1","1.7.2","1.7.3","1.8.0","1.8.1","1.8.2","1.8.3","1.8.4","1.8.5","1.8.6","1.8.7","1.8.8","1.8.9","1.8.10","1.8.11","1.9.0","1.9.1","1.9.2","1.9.3","1.9.4","1.9.5","1.9.6","1.9.7","1.9.8","1.9.9","1.9.10","1.9.11","1.9.12","1.9.13","1.10.0","1.10.1","1.10.2","1.10.3","1.10.4","1.10.5","1.11.0","1.12.0","1.12.1","1.12.2","2.0.0-beta","1.12.3","1.12.4","1.12.5","1.12.6","1.12.7","1.12.8","1.12.9","2.0.1-beta","2.0.2-beta","1.12.10","1.12.11","2.0.4-beta","1.12.12","2.0.5-beta","2.0.6-beta","2.0.7-beta","1.12.13","2.1.0-beta.0","2.1.0-beta.1","2.1.0-beta.2","1.12.14","2.1.0-beta.3","2.1.0-beta.4","2.1.0-beta.5","1.12.15","1.13.0","2.1.0-beta.6","2.1.0-beta.7","1.13.1","2.1.0-beta.8","2.1.0-beta.9","2.1.0-beta.10","2.1.0-beta.11","2.1.0-beta.12","2.1.0-beta.13","2.1.0-beta.14","2.1.0-beta.15"]
68 error notarget
68 error notarget This is most likely not a problem with npm itself.
68 error notarget In most cases you or one of your dependencies are requesting
68 error notarget a package version that doesn't exist.
68 error notarget
68 error notarget It was specified as a dependency of 'boilerplate'
69 verbose exit [ 1, true ]
